<?xml version="1.0" encoding="UTF-8"?>
<testng-results skipped="0" failed="1" total="1" passed="0">
  <reporter-output>
  </reporter-output>
  <suite name="Default suite" duration-ms="178673" started-at="2016-01-20T17:11:45Z" finished-at="2016-01-20T17:14:44Z">
    <groups>
    </groups>
    <test name="Default test" duration-ms="178673" started-at="2016-01-20T17:11:45Z" finished-at="2016-01-20T17:14:44Z">
      <class name="TestRun.NewTest">
        <test-method status="PASS" signature="beforeTest()[pri:0, instance:TestRun.NewTest@4c75cab9]" name="beforeTest" is-config="true" duration-ms="19" started-at="2016-01-20T22:41:46Z" finished-at="2016-01-20T22:41:46Z">
          <reporter-output>
          </reporter-output>
        </test-method> <!-- beforeTest -->
        <test-method status="PASS" signature="beforeMethod()[pri:0, instance:TestRun.NewTest@4c75cab9]" name="beforeMethod" is-config="true" duration-ms="83780" started-at="2016-01-20T22:41:46Z" finished-at="2016-01-20T22:43:09Z">
          <reporter-output>
          </reporter-output>
        </test-method> <!-- beforeMethod -->
        <test-method status="FAIL" signature="f()[pri:0, instance:TestRun.NewTest@4c75cab9]" name="f" duration-ms="94828" started-at="2016-01-20T22:43:09Z" finished-at="2016-01-20T22:44:44Z">
          <exception class="org.openqa.selenium.NoSuchElementException">
            <message>
              <![CDATA[An element could not be located on the page using the given search parameters. (WARNING: The server did not provide any stacktrace information)
Command duration or timeout: 60.74 seconds
For documentation on this error, please visit: http://seleniumhq.org/exceptions/no_such_element.html
Build info: version: '2.47.1', revision: '411b314', time: '2015-07-30 03:03:16'
System info: host: 'localhost', ip: '127.0.0.1', os.name: 'Mac OS X', os.arch: 'x86_64', os.version: '10.11.1', java.version: '1.8.0_60'
Driver info: io.appium.java_client.android.AndroidDriver
Capabilities [{app=/Users/aparna/Downloads/TWC_600000463_release.apk, appPackage=com.weather.Weather, networkConnectionEnabled=true, warnings={}, databaseEnabled=false, deviceName=TA6270IE9G, platform=LINUX, appActivity=com.weather.Weather.app.SplashScreenActivity, desired={app=/Users/aparna/Downloads/TWC_600000463_release.apk, appPackage=com.weather.Weather, appActivity=com.weather.Weather.app.SplashScreenActivity, appium-version=1.0, newCommandTimeout=100000, platformVersion=5.1.1, platformName=Android, deviceName=Samsung, autoAcceptAlerts=true}, appium-version=1.0, newCommandTimeout=100000, platformVersion=4.4.4, webStorageEnabled=false, locationContextEnabled=false, browserName=Android, takesScreenshot=true, javascriptEnabled=true, platformName=Android, autoAcceptAlerts=true}]
Session ID: b545a518-fb70-487f-880a-aee48a2b94c8
*** Element info: {Using=id, value=com.weather.Weather:id/grid_item_3}]]>
            </message>
            <full-stacktrace>
              <![CDATA[org.openqa.selenium.NoSuchElementException: An element could not be located on the page using the given search parameters. (WARNING: The server did not provide any stacktrace information)
Command duration or timeout: 60.74 seconds
For documentation on this error, please visit: http://seleniumhq.org/exceptions/no_such_element.html
Build info: version: '2.47.1', revision: '411b314', time: '2015-07-30 03:03:16'
System info: host: 'localhost', ip: '127.0.0.1', os.name: 'Mac OS X', os.arch: 'x86_64', os.version: '10.11.1', java.version: '1.8.0_60'
Driver info: io.appium.java_client.android.AndroidDriver
Capabilities [{app=/Users/aparna/Downloads/TWC_600000463_release.apk, appPackage=com.weather.Weather, networkConnectionEnabled=true, warnings={}, databaseEnabled=false, deviceName=TA6270IE9G, platform=LINUX, appActivity=com.weather.Weather.app.SplashScreenActivity, desired={app=/Users/aparna/Downloads/TWC_600000463_release.apk, appPackage=com.weather.Weather, appActivity=com.weather.Weather.app.SplashScreenActivity, appium-version=1.0, newCommandTimeout=100000, platformVersion=5.1.1, platformName=Android, deviceName=Samsung, autoAcceptAlerts=true}, appium-version=1.0, newCommandTimeout=100000, platformVersion=4.4.4, webStorageEnabled=false, locationContextEnabled=false, browserName=Android, takesScreenshot=true, javascriptEnabled=true, platformName=Android, autoAcceptAlerts=true}]
Session ID: b545a518-fb70-487f-880a-aee48a2b94c8
*** Element info: {Using=id, value=com.weather.Weather:id/grid_item_3}
	at sun.reflect.NativeConstructorAccessorImpl.newInstance0(Native Method)
	at sun.reflect.NativeConstructorAccessorImpl.newInstance(NativeConstructorAccessorImpl.java:62)
	at sun.reflect.DelegatingConstructorAccessorImpl.newInstance(DelegatingConstructorAccessorImpl.java:45)
	at java.lang.reflect.Constructor.newInstance(Constructor.java:422)
	at org.openqa.selenium.remote.ErrorHandler.createThrowable(ErrorHandler.java:206)
	at org.openqa.selenium.remote.ErrorHandler.throwIfResponseFailed(ErrorHandler.java:158)
	at org.openqa.selenium.remote.RemoteWebDriver.execute(RemoteWebDriver.java:595)
	at io.appium.java_client.DefaultGenericMobileDriver.execute(DefaultGenericMobileDriver.java:42)
	at io.appium.java_client.AppiumDriver.execute(AppiumDriver.java:1)
	at io.appium.java_client.android.AndroidDriver.execute(AndroidDriver.java:1)
	at org.openqa.selenium.remote.RemoteWebDriver.findElement(RemoteWebDriver.java:348)
	at org.openqa.selenium.remote.RemoteWebDriver.findElementById(RemoteWebDriver.java:389)
	at io.appium.java_client.DefaultGenericMobileDriver.findElementById(DefaultGenericMobileDriver.java:62)
	at io.appium.java_client.AppiumDriver.findElementById(AppiumDriver.java:1)
	at io.appium.java_client.android.AndroidDriver.findElementById(AndroidDriver.java:1)
	at AppiumTest.Swipe.swipe(Swipe.java:197)
	at TestRun.NewTest.f(NewTest.java:26)
	at sun.reflect.NativeMethodAccessorImpl.invoke0(Native Method)
	at sun.reflect.NativeMethodAccessorImpl.invoke(NativeMethodAccessorImpl.java:62)
	at sun.reflect.DelegatingMethodAccessorImpl.invoke(DelegatingMethodAccessorImpl.java:43)
	at java.lang.reflect.Method.invoke(Method.java:497)
	at org.testng.internal.MethodInvocationHelper.invokeMethod(MethodInvocationHelper.java:84)
	at org.testng.internal.Invoker.invokeMethod(Invoker.java:714)
	at org.testng.internal.Invoker.invokeTestMethod(Invoker.java:901)
	at org.testng.internal.Invoker.invokeTestMethods(Invoker.java:1231)
	at org.testng.internal.TestMethodWorker.invokeTestMethods(TestMethodWorker.java:127)
	at org.testng.internal.TestMethodWorker.run(TestMethodWorker.java:111)
	at org.testng.TestRunner.privateRun(TestRunner.java:767)
	at org.testng.TestRunner.run(TestRunner.java:617)
	at org.testng.SuiteRunner.runTest(SuiteRunner.java:334)
	at org.testng.SuiteRunner.runSequentially(SuiteRunner.java:329)
	at org.testng.SuiteRunner.privateRun(SuiteRunner.java:291)
	at org.testng.SuiteRunner.run(SuiteRunner.java:240)
	at org.testng.SuiteRunnerWorker.runSuite(SuiteRunnerWorker.java:52)
	at org.testng.SuiteRunnerWorker.run(SuiteRunnerWorker.java:86)
	at org.testng.TestNG.runSuitesSequentially(TestNG.java:1224)
	at org.testng.TestNG.runSuitesLocally(TestNG.java:1149)
	at org.testng.TestNG.run(TestNG.java:1057)
	at org.testng.remote.RemoteTestNG.run(RemoteTestNG.java:111)
	at org.testng.remote.RemoteTestNG.initAndRun(RemoteTestNG.java:204)
	at org.testng.remote.RemoteTestNG.main(RemoteTestNG.java:175)
]]>
            </full-stacktrace>
          </exception> <!-- org.openqa.selenium.NoSuchElementException -->
          <reporter-output>
          </reporter-output>
        </test-method> <!-- f -->
        <test-method status="PASS" signature="afterMethod()[pri:0, instance:TestRun.NewTest@4c75cab9]" name="afterMethod" is-config="true" duration-ms="0" started-at="2016-01-20T22:44:44Z" finished-at="2016-01-20T22:44:44Z">
          <reporter-output>
          </reporter-output>
        </test-method> <!-- afterMethod -->
        <test-method status="PASS" signature="afterTest()[pri:0, instance:TestRun.NewTest@4c75cab9]" name="afterTest" is-config="true" duration-ms="0" started-at="2016-01-20T22:44:44Z" finished-at="2016-01-20T22:44:44Z">
          <reporter-output>
          </reporter-output>
        </test-method> <!-- afterTest -->
      </class> <!-- TestRun.NewTest -->
    </test> <!-- Default test -->
  </suite> <!-- Default suite -->
</testng-results>
